<?xml version="1.0" encoding="UTF-8"?>
<testsuite xmlns:xsi="http://www.w3.org/2001/XMLSchema-instance" xsi:noNamespaceSchemaLocation="https://maven.apache.org/surefire/maven-surefire-plugin/xsd/surefire-test-report-3.0.xsd" version="3.0" name="TestSuite" time="17.667" tests="1" errors="0" skipped="0" failures="0">
  <properties>
    <property name="java.specification.version" value="19"/>
    <property name="webdriver.chrome.driver" value="/Users/shivarajkumar.medeg/.cache/selenium/chromedriver/mac64/112.0.5615.49/chromedriver"/>
    <property name="sun.jnu.encoding" value="UTF-8"/>
    <property name="java.class.path" value="/Users/shivarajkumar.medeg/Documents/Automation framework/PageObjectModelDemo/target/test-classes:/Users/shivarajkumar.medeg/Documents/Automation framework/PageObjectModelDemo/target/classes:/Users/shivarajkumar.medeg/.m2/repository/org/seleniumhq/selenium/selenium-java/4.8.1/selenium-java-4.8.1.jar:/Users/shivarajkumar.medeg/.m2/repository/org/seleniumhq/selenium/selenium-api/4.8.1/selenium-api-4.8.1.jar:/Users/shivarajkumar.medeg/.m2/repository/org/seleniumhq/selenium/selenium-chrome-driver/4.8.1/selenium-chrome-driver-4.8.1.jar:/Users/shivarajkumar.medeg/.m2/repository/com/google/auto/service/auto-service-annotations/1.0.1/auto-service-annotations-1.0.1.jar:/Users/shivarajkumar.medeg/.m2/repository/com/google/auto/service/auto-service/1.0.1/auto-service-1.0.1.jar:/Users/shivarajkumar.medeg/.m2/repository/com/google/auto/auto-common/1.2/auto-common-1.2.jar:/Users/shivarajkumar.medeg/.m2/repository/com/google/guava/guava/31.1-jre/guava-31.1-jre.jar:/Users/shivarajkumar.medeg/.m2/repository/com/google/guava/failureaccess/1.0.1/failureaccess-1.0.1.jar:/Users/shivarajkumar.medeg/.m2/repository/com/google/guava/listenablefuture/9999.0-empty-to-avoid-conflict-with-guava/listenablefuture-9999.0-empty-to-avoid-conflict-with-guava.jar:/Users/shivarajkumar.medeg/.m2/repository/com/google/code/findbugs/jsr305/3.0.2/jsr305-3.0.2.jar:/Users/shivarajkumar.medeg/.m2/repository/org/checkerframework/checker-qual/3.12.0/checker-qual-3.12.0.jar:/Users/shivarajkumar.medeg/.m2/repository/com/google/errorprone/error_prone_annotations/2.11.0/error_prone_annotations-2.11.0.jar:/Users/shivarajkumar.medeg/.m2/repository/com/google/j2objc/j2objc-annotations/1.3/j2objc-annotations-1.3.jar:/Users/shivarajkumar.medeg/.m2/repository/org/seleniumhq/selenium/selenium-chromium-driver/4.8.1/selenium-chromium-driver-4.8.1.jar:/Users/shivarajkumar.medeg/.m2/repository/org/seleniumhq/selenium/selenium-json/4.8.1/selenium-json-4.8.1.jar:/Users/shivarajkumar.medeg/.m2/repository/org/seleniumhq/selenium/selenium-devtools-v108/4.8.1/selenium-devtools-v108-4.8.1.jar:/Users/shivarajkumar.medeg/.m2/repository/org/seleniumhq/selenium/selenium-devtools-v109/4.8.1/selenium-devtools-v109-4.8.1.jar:/Users/shivarajkumar.medeg/.m2/repository/org/seleniumhq/selenium/selenium-devtools-v110/4.8.1/selenium-devtools-v110-4.8.1.jar:/Users/shivarajkumar.medeg/.m2/repository/org/seleniumhq/selenium/selenium-devtools-v85/4.8.1/selenium-devtools-v85-4.8.1.jar:/Users/shivarajkumar.medeg/.m2/repository/org/seleniumhq/selenium/selenium-edge-driver/4.8.1/selenium-edge-driver-4.8.1.jar:/Users/shivarajkumar.medeg/.m2/repository/org/seleniumhq/selenium/selenium-firefox-driver/4.8.1/selenium-firefox-driver-4.8.1.jar:/Users/shivarajkumar.medeg/.m2/repository/org/seleniumhq/selenium/selenium-http/4.8.1/selenium-http-4.8.1.jar:/Users/shivarajkumar.medeg/.m2/repository/dev/failsafe/failsafe/3.3.0/failsafe-3.3.0.jar:/Users/shivarajkumar.medeg/.m2/repository/org/seleniumhq/selenium/selenium-ie-driver/4.8.1/selenium-ie-driver-4.8.1.jar:/Users/shivarajkumar.medeg/.m2/repository/org/seleniumhq/selenium/selenium-remote-driver/4.8.1/selenium-remote-driver-4.8.1.jar:/Users/shivarajkumar.medeg/.m2/repository/io/netty/netty-buffer/4.1.87.Final/netty-buffer-4.1.87.Final.jar:/Users/shivarajkumar.medeg/.m2/repository/io/netty/netty-codec-http/4.1.87.Final/netty-codec-http-4.1.87.Final.jar:/Users/shivarajkumar.medeg/.m2/repository/io/netty/netty-codec/4.1.87.Final/netty-codec-4.1.87.Final.jar:/Users/shivarajkumar.medeg/.m2/repository/io/netty/netty-handler/4.1.87.Final/netty-handler-4.1.87.Final.jar:/Users/shivarajkumar.medeg/.m2/repository/io/netty/netty-common/4.1.87.Final/netty-common-4.1.87.Final.jar:/Users/shivarajkumar.medeg/.m2/repository/io/netty/netty-transport-classes-epoll/4.1.87.Final/netty-transport-classes-epoll-4.1.87.Final.jar:/Users/shivarajkumar.medeg/.m2/repository/io/netty/netty-transport-classes-kqueue/4.1.87.Final/netty-transport-classes-kqueue-4.1.87.Final.jar:/Users/shivarajkumar.medeg/.m2/repository/io/netty/netty-transport-native-epoll/4.1.87.Final/netty-transport-native-epoll-4.1.87.Final.jar:/Users/shivarajkumar.medeg/.m2/repository/io/netty/netty-transport-native-kqueue/4.1.87.Final/netty-transport-native-kqueue-4.1.87.Final.jar:/Users/shivarajkumar.medeg/.m2/repository/io/netty/netty-transport-native-unix-common/4.1.87.Final/netty-transport-native-unix-common-4.1.87.Final.jar:/Users/shivarajkumar.medeg/.m2/repository/io/netty/netty-transport/4.1.87.Final/netty-transport-4.1.87.Final.jar:/Users/shivarajkumar.medeg/.m2/repository/io/netty/netty-resolver/4.1.87.Final/netty-resolver-4.1.87.Final.jar:/Users/shivarajkumar.medeg/.m2/repository/io/opentelemetry/opentelemetry-api/1.22.0/opentelemetry-api-1.22.0.jar:/Users/shivarajkumar.medeg/.m2/repository/io/opentelemetry/opentelemetry-context/1.22.0/opentelemetry-context-1.22.0.jar:/Users/shivarajkumar.medeg/.m2/repository/io/opentelemetry/opentelemetry-exporter-logging/1.22.0/opentelemetry-exporter-logging-1.22.0.jar:/Users/shivarajkumar.medeg/.m2/repository/io/opentelemetry/opentelemetry-sdk-metrics/1.22.0/opentelemetry-sdk-metrics-1.22.0.jar:/Users/shivarajkumar.medeg/.m2/repository/io/opentelemetry/opentelemetry-sdk-logs/1.22.0-alpha/opentelemetry-sdk-logs-1.22.0-alpha.jar:/Users/shivarajkumar.medeg/.m2/repository/io/opentelemetry/opentelemetry-api-logs/1.22.0-alpha/opentelemetry-api-logs-1.22.0-alpha.jar:/Users/shivarajkumar.medeg/.m2/repository/io/opentelemetry/opentelemetry-sdk-common/1.22.0/opentelemetry-sdk-common-1.22.0.jar:/Users/shivarajkumar.medeg/.m2/repository/io/opentelemetry/opentelemetry-sdk-extension-autoconfigure-spi/1.22.0/opentelemetry-sdk-extension-autoconfigure-spi-1.22.0.jar:/Users/shivarajkumar.medeg/.m2/repository/io/opentelemetry/opentelemetry-sdk-extension-autoconfigure/1.22.0-alpha/opentelemetry-sdk-extension-autoconfigure-1.22.0-alpha.jar:/Users/shivarajkumar.medeg/.m2/repository/io/opentelemetry/opentelemetry-sdk-trace/1.22.0/opentelemetry-sdk-trace-1.22.0.jar:/Users/shivarajkumar.medeg/.m2/repository/io/opentelemetry/opentelemetry-sdk/1.22.0/opentelemetry-sdk-1.22.0.jar:/Users/shivarajkumar.medeg/.m2/repository/io/opentelemetry/opentelemetry-semconv/1.22.0-alpha/opentelemetry-semconv-1.22.0-alpha.jar:/Users/shivarajkumar.medeg/.m2/repository/io/ous/jtoml/2.0.0/jtoml-2.0.0.jar:/Users/shivarajkumar.medeg/.m2/repository/net/bytebuddy/byte-buddy/1.12.22/byte-buddy-1.12.22.jar:/Users/shivarajkumar.medeg/.m2/repository/org/apache/commons/commons-exec/1.3/commons-exec-1.3.jar:/Users/shivarajkumar.medeg/.m2/repository/org/asynchttpclient/async-http-client/2.12.3/async-http-client-2.12.3.jar:/Users/shivarajkumar.medeg/.m2/repository/org/asynchttpclient/async-http-client-netty-utils/2.12.3/async-http-client-netty-utils-2.12.3.jar:/Users/shivarajkumar.medeg/.m2/repository/io/netty/netty-codec-socks/4.1.60.Final/netty-codec-socks-4.1.60.Final.jar:/Users/shivarajkumar.medeg/.m2/repository/io/netty/netty-handler-proxy/4.1.60.Final/netty-handler-proxy-4.1.60.Final.jar:/Users/shivarajkumar.medeg/.m2/repository/io/netty/netty-transport-native-epoll/4.1.60.Final/netty-transport-native-epoll-4.1.60.Final-linux-x86_64.jar:/Users/shivarajkumar.medeg/.m2/repository/io/netty/netty-transport-native-kqueue/4.1.60.Final/netty-transport-native-kqueue-4.1.60.Final-osx-x86_64.jar:/Users/shivarajkumar.medeg/.m2/repository/org/reactivestreams/reactive-streams/1.0.3/reactive-streams-1.0.3.jar:/Users/shivarajkumar.medeg/.m2/repository/com/typesafe/netty/netty-reactive-streams/2.0.4/netty-reactive-streams-2.0.4.jar:/Users/shivarajkumar.medeg/.m2/repository/com/sun/activation/jakarta.activation/1.2.2/jakarta.activation-1.2.2.jar:/Users/shivarajkumar.medeg/.m2/repository/org/seleniumhq/selenium/selenium-manager/4.8.1/selenium-manager-4.8.1.jar:/Users/shivarajkumar.medeg/.m2/repository/org/seleniumhq/selenium/selenium-safari-driver/4.8.1/selenium-safari-driver-4.8.1.jar:/Users/shivarajkumar.medeg/.m2/repository/org/seleniumhq/selenium/selenium-support/4.8.1/selenium-support-4.8.1.jar:/Users/shivarajkumar.medeg/.m2/repository/org/testng/testng/7.1.0/testng-7.1.0.jar:/Users/shivarajkumar.medeg/.m2/repository/com/beust/jcommander/1.72/jcommander-1.72.jar:/Users/shivarajkumar.medeg/.m2/repository/com/google/inject/guice/4.1.0/guice-4.1.0-no_aop.jar:/Users/shivarajkumar.medeg/.m2/repository/javax/inject/javax.inject/1/javax.inject-1.jar:/Users/shivarajkumar.medeg/.m2/repository/aopalliance/aopalliance/1.0/aopalliance-1.0.jar:/Users/shivarajkumar.medeg/.m2/repository/org/yaml/snakeyaml/1.21/snakeyaml-1.21.jar:/Users/shivarajkumar.medeg/.m2/repository/io/github/bonigarcia/webdrivermanager/5.3.2/webdrivermanager-5.3.2.jar:/Users/shivarajkumar.medeg/.m2/repository/org/slf4j/slf4j-api/2.0.6/slf4j-api-2.0.6.jar:/Users/shivarajkumar.medeg/.m2/repository/com/google/code/gson/gson/2.10.1/gson-2.10.1.jar:/Users/shivarajkumar.medeg/.m2/repository/com/github/docker-java/docker-java/3.2.14/docker-java-3.2.14.jar:/Users/shivarajkumar.medeg/.m2/repository/com/github/docker-java/docker-java-core/3.2.14/docker-java-core-3.2.14.jar:/Users/shivarajkumar.medeg/.m2/repository/com/github/docker-java/docker-java-api/3.2.14/docker-java-api-3.2.14.jar:/Users/shivarajkumar.medeg/.m2/repository/com/fasterxml/jackson/core/jackson-annotations/2.10.3/jackson-annotations-2.10.3.jar:/Users/shivarajkumar.medeg/.m2/repository/com/fasterxml/jackson/core/jackson-databind/2.10.3/jackson-databind-2.10.3.jar:/Users/shivarajkumar.medeg/.m2/repository/com/fasterxml/jackson/core/jackson-core/2.10.3/jackson-core-2.10.3.jar:/Users/shivarajkumar.medeg/.m2/repository/org/bouncycastle/bcpkix-jdk15on/1.64/bcpkix-jdk15on-1.64.jar:/Users/shivarajkumar.medeg/.m2/repository/org/bouncycastle/bcprov-jdk15on/1.64/bcprov-jdk15on-1.64.jar:/Users/shivarajkumar.medeg/.m2/repository/org/slf4j/jcl-over-slf4j/1.7.30/jcl-over-slf4j-1.7.30.jar:/Users/shivarajkumar.medeg/.m2/repository/com/github/docker-java/docker-java-transport-httpclient5/3.2.14/docker-java-transport-httpclient5-3.2.14.jar:/Users/shivarajkumar.medeg/.m2/repository/com/github/docker-java/docker-java-transport/3.2.14/docker-java-transport-3.2.14.jar:/Users/shivarajkumar.medeg/.m2/repository/net/java/dev/jna/jna/5.12.1/jna-5.12.1.jar:/Users/shivarajkumar.medeg/.m2/repository/org/brotli/dec/0.1.2/dec-0.1.2.jar:/Users/shivarajkumar.medeg/.m2/repository/org/apache/commons/commons-lang3/3.12.0/commons-lang3-3.12.0.jar:/Users/shivarajkumar.medeg/.m2/repository/org/apache/httpcomponents/client5/httpclient5/5.2.1/httpclient5-5.2.1.jar:/Users/shivarajkumar.medeg/.m2/repository/org/apache/httpcomponents/core5/httpcore5/5.2/httpcore5-5.2.jar:/Users/shivarajkumar.medeg/.m2/repository/org/apache/httpcomponents/core5/httpcore5-h2/5.2/httpcore5-h2-5.2.jar:/Users/shivarajkumar.medeg/.m2/repository/io/qameta/allure/allure-testng/2.21.0/allure-testng-2.21.0.jar:/Users/shivarajkumar.medeg/.m2/repository/io/qameta/allure/allure-java-commons/2.21.0/allure-java-commons-2.21.0.jar:/Users/shivarajkumar.medeg/.m2/repository/io/qameta/allure/allure-model/2.21.0/allure-model-2.21.0.jar:/Users/shivarajkumar.medeg/.m2/repository/io/qameta/allure/allure-test-filter/2.21.0/allure-test-filter-2.21.0.jar:/Users/shivarajkumar.medeg/.m2/repository/org/apache/poi/poi/5.2.3/poi-5.2.3.jar:/Users/shivarajkumar.medeg/.m2/repository/commons-codec/commons-codec/1.15/commons-codec-1.15.jar:/Users/shivarajkumar.medeg/.m2/repository/org/apache/commons/commons-collections4/4.4/commons-collections4-4.4.jar:/Users/shivarajkumar.medeg/.m2/repository/org/apache/commons/commons-math3/3.6.1/commons-math3-3.6.1.jar:/Users/shivarajkumar.medeg/.m2/repository/commons-io/commons-io/2.11.0/commons-io-2.11.0.jar:/Users/shivarajkumar.medeg/.m2/repository/com/zaxxer/SparseBitSet/1.2/SparseBitSet-1.2.jar:/Users/shivarajkumar.medeg/.m2/repository/org/apache/poi/poi-ooxml/5.2.3/poi-ooxml-5.2.3.jar:/Users/shivarajkumar.medeg/.m2/repository/org/apache/poi/poi-ooxml-lite/5.2.3/poi-ooxml-lite-5.2.3.jar:/Users/shivarajkumar.medeg/.m2/repository/org/apache/xmlbeans/xmlbeans/5.1.1/xmlbeans-5.1.1.jar:/Users/shivarajkumar.medeg/.m2/repository/org/apache/commons/commons-compress/1.21/commons-compress-1.21.jar:/Users/shivarajkumar.medeg/.m2/repository/com/github/virtuald/curvesapi/1.07/curvesapi-1.07.jar:/Users/shivarajkumar.medeg/.m2/repository/org/apache/logging/log4j/log4j-core/2.20.0/log4j-core-2.20.0.jar:/Users/shivarajkumar.medeg/.m2/repository/org/apache/logging/log4j/log4j-api/2.20.0/log4j-api-2.20.0.jar:"/>
    <property name="java.vm.vendor" value="Oracle Corporation"/>
    <property name="sun.arch.data.model" value="64"/>
    <property name="java.vendor.url" value="https://java.oracle.com/"/>
    <property name="user.timezone" value="Asia/Kolkata"/>
    <property name="os.name" value="Mac OS X"/>
    <property name="java.vm.specification.version" value="19"/>
    <property name="sun.java.launcher" value="SUN_STANDARD"/>
    <property name="user.country" value="IN"/>
    <property name="sun.boot.library.path" value="/Users/shivarajkumar.medeg/Library/Java/JavaVirtualMachines/openjdk-19/Contents/Home/lib"/>
    <property name="sun.java.command" value="/Users/shivarajkumar.medeg/Documents/Automation framework/PageObjectModelDemo/target/surefire/surefirebooter-20230427163759276_3.jar /Users/shivarajkumar.medeg/Documents/Automation framework/PageObjectModelDemo/target/surefire 2023-04-27T16-37-59_151-jvmRun1 surefire-20230427163759276_1tmp surefire_0-20230427163759276_2tmp"/>
    <property name="http.nonProxyHosts" value="local|*.local|169.254/16|*.169.254/16"/>
    <property name="jdk.debug" value="release"/>
    <property name="surefire.test.class.path" value="/Users/shivarajkumar.medeg/Documents/Automation framework/PageObjectModelDemo/target/test-classes:/Users/shivarajkumar.medeg/Documents/Automation framework/PageObjectModelDemo/target/classes:/Users/shivarajkumar.medeg/.m2/repository/org/seleniumhq/selenium/selenium-java/4.8.1/selenium-java-4.8.1.jar:/Users/shivarajkumar.medeg/.m2/repository/org/seleniumhq/selenium/selenium-api/4.8.1/selenium-api-4.8.1.jar:/Users/shivarajkumar.medeg/.m2/repository/org/seleniumhq/selenium/selenium-chrome-driver/4.8.1/selenium-chrome-driver-4.8.1.jar:/Users/shivarajkumar.medeg/.m2/repository/com/google/auto/service/auto-service-annotations/1.0.1/auto-service-annotations-1.0.1.jar:/Users/shivarajkumar.medeg/.m2/repository/com/google/auto/service/auto-service/1.0.1/auto-service-1.0.1.jar:/Users/shivarajkumar.medeg/.m2/repository/com/google/auto/auto-common/1.2/auto-common-1.2.jar:/Users/shivarajkumar.medeg/.m2/repository/com/google/guava/guava/31.1-jre/guava-31.1-jre.jar:/Users/shivarajkumar.medeg/.m2/repository/com/google/guava/failureaccess/1.0.1/failureaccess-1.0.1.jar:/Users/shivarajkumar.medeg/.m2/repository/com/google/guava/listenablefuture/9999.0-empty-to-avoid-conflict-with-guava/listenablefuture-9999.0-empty-to-avoid-conflict-with-guava.jar:/Users/shivarajkumar.medeg/.m2/repository/com/google/code/findbugs/jsr305/3.0.2/jsr305-3.0.2.jar:/Users/shivarajkumar.medeg/.m2/repository/org/checkerframework/checker-qual/3.12.0/checker-qual-3.12.0.jar:/Users/shivarajkumar.medeg/.m2/repository/com/google/errorprone/error_prone_annotations/2.11.0/error_prone_annotations-2.11.0.jar:/Users/shivarajkumar.medeg/.m2/repository/com/google/j2objc/j2objc-annotations/1.3/j2objc-annotations-1.3.jar:/Users/shivarajkumar.medeg/.m2/repository/org/seleniumhq/selenium/selenium-chromium-driver/4.8.1/selenium-chromium-driver-4.8.1.jar:/Users/shivarajkumar.medeg/.m2/repository/org/seleniumhq/selenium/selenium-json/4.8.1/selenium-json-4.8.1.jar:/Users/shivarajkumar.medeg/.m2/repository/org/seleniumhq/selenium/selenium-devtools-v108/4.8.1/selenium-devtools-v108-4.8.1.jar:/Users/shivarajkumar.medeg/.m2/repository/org/seleniumhq/selenium/selenium-devtools-v109/4.8.1/selenium-devtools-v109-4.8.1.jar:/Users/shivarajkumar.medeg/.m2/repository/org/seleniumhq/selenium/selenium-devtools-v110/4.8.1/selenium-devtools-v110-4.8.1.jar:/Users/shivarajkumar.medeg/.m2/repository/org/seleniumhq/selenium/selenium-devtools-v85/4.8.1/selenium-devtools-v85-4.8.1.jar:/Users/shivarajkumar.medeg/.m2/repository/org/seleniumhq/selenium/selenium-edge-driver/4.8.1/selenium-edge-driver-4.8.1.jar:/Users/shivarajkumar.medeg/.m2/repository/org/seleniumhq/selenium/selenium-firefox-driver/4.8.1/selenium-firefox-driver-4.8.1.jar:/Users/shivarajkumar.medeg/.m2/repository/org/seleniumhq/selenium/selenium-http/4.8.1/selenium-http-4.8.1.jar:/Users/shivarajkumar.medeg/.m2/repository/dev/failsafe/failsafe/3.3.0/failsafe-3.3.0.jar:/Users/shivarajkumar.medeg/.m2/repository/org/seleniumhq/selenium/selenium-ie-driver/4.8.1/selenium-ie-driver-4.8.1.jar:/Users/shivarajkumar.medeg/.m2/repository/org/seleniumhq/selenium/selenium-remote-driver/4.8.1/selenium-remote-driver-4.8.1.jar:/Users/shivarajkumar.medeg/.m2/repository/io/netty/netty-buffer/4.1.87.Final/netty-buffer-4.1.87.Final.jar:/Users/shivarajkumar.medeg/.m2/repository/io/netty/netty-codec-http/4.1.87.Final/netty-codec-http-4.1.87.Final.jar:/Users/shivarajkumar.medeg/.m2/repository/io/netty/netty-codec/4.1.87.Final/netty-codec-4.1.87.Final.jar:/Users/shivarajkumar.medeg/.m2/repository/io/netty/netty-handler/4.1.87.Final/netty-handler-4.1.87.Final.jar:/Users/shivarajkumar.medeg/.m2/repository/io/netty/netty-common/4.1.87.Final/netty-common-4.1.87.Final.jar:/Users/shivarajkumar.medeg/.m2/repository/io/netty/netty-transport-classes-epoll/4.1.87.Final/netty-transport-classes-epoll-4.1.87.Final.jar:/Users/shivarajkumar.medeg/.m2/repository/io/netty/netty-transport-classes-kqueue/4.1.87.Final/netty-transport-classes-kqueue-4.1.87.Final.jar:/Users/shivarajkumar.medeg/.m2/repository/io/netty/netty-transport-native-epoll/4.1.87.Final/netty-transport-native-epoll-4.1.87.Final.jar:/Users/shivarajkumar.medeg/.m2/repository/io/netty/netty-transport-native-kqueue/4.1.87.Final/netty-transport-native-kqueue-4.1.87.Final.jar:/Users/shivarajkumar.medeg/.m2/repository/io/netty/netty-transport-native-unix-common/4.1.87.Final/netty-transport-native-unix-common-4.1.87.Final.jar:/Users/shivarajkumar.medeg/.m2/repository/io/netty/netty-transport/4.1.87.Final/netty-transport-4.1.87.Final.jar:/Users/shivarajkumar.medeg/.m2/repository/io/netty/netty-resolver/4.1.87.Final/netty-resolver-4.1.87.Final.jar:/Users/shivarajkumar.medeg/.m2/repository/io/opentelemetry/opentelemetry-api/1.22.0/opentelemetry-api-1.22.0.jar:/Users/shivarajkumar.medeg/.m2/repository/io/opentelemetry/opentelemetry-context/1.22.0/opentelemetry-context-1.22.0.jar:/Users/shivarajkumar.medeg/.m2/repository/io/opentelemetry/opentelemetry-exporter-logging/1.22.0/opentelemetry-exporter-logging-1.22.0.jar:/Users/shivarajkumar.medeg/.m2/repository/io/opentelemetry/opentelemetry-sdk-metrics/1.22.0/opentelemetry-sdk-metrics-1.22.0.jar:/Users/shivarajkumar.medeg/.m2/repository/io/opentelemetry/opentelemetry-sdk-logs/1.22.0-alpha/opentelemetry-sdk-logs-1.22.0-alpha.jar:/Users/shivarajkumar.medeg/.m2/repository/io/opentelemetry/opentelemetry-api-logs/1.22.0-alpha/opentelemetry-api-logs-1.22.0-alpha.jar:/Users/shivarajkumar.medeg/.m2/repository/io/opentelemetry/opentelemetry-sdk-common/1.22.0/opentelemetry-sdk-common-1.22.0.jar:/Users/shivarajkumar.medeg/.m2/repository/io/opentelemetry/opentelemetry-sdk-extension-autoconfigure-spi/1.22.0/opentelemetry-sdk-extension-autoconfigure-spi-1.22.0.jar:/Users/shivarajkumar.medeg/.m2/repository/io/opentelemetry/opentelemetry-sdk-extension-autoconfigure/1.22.0-alpha/opentelemetry-sdk-extension-autoconfigure-1.22.0-alpha.jar:/Users/shivarajkumar.medeg/.m2/repository/io/opentelemetry/opentelemetry-sdk-trace/1.22.0/opentelemetry-sdk-trace-1.22.0.jar:/Users/shivarajkumar.medeg/.m2/repository/io/opentelemetry/opentelemetry-sdk/1.22.0/opentelemetry-sdk-1.22.0.jar:/Users/shivarajkumar.medeg/.m2/repository/io/opentelemetry/opentelemetry-semconv/1.22.0-alpha/opentelemetry-semconv-1.22.0-alpha.jar:/Users/shivarajkumar.medeg/.m2/repository/io/ous/jtoml/2.0.0/jtoml-2.0.0.jar:/Users/shivarajkumar.medeg/.m2/repository/net/bytebuddy/byte-buddy/1.12.22/byte-buddy-1.12.22.jar:/Users/shivarajkumar.medeg/.m2/repository/org/apache/commons/commons-exec/1.3/commons-exec-1.3.jar:/Users/shivarajkumar.medeg/.m2/repository/org/asynchttpclient/async-http-client/2.12.3/async-http-client-2.12.3.jar:/Users/shivarajkumar.medeg/.m2/repository/org/asynchttpclient/async-http-client-netty-utils/2.12.3/async-http-client-netty-utils-2.12.3.jar:/Users/shivarajkumar.medeg/.m2/repository/io/netty/netty-codec-socks/4.1.60.Final/netty-codec-socks-4.1.60.Final.jar:/Users/shivarajkumar.medeg/.m2/repository/io/netty/netty-handler-proxy/4.1.60.Final/netty-handler-proxy-4.1.60.Final.jar:/Users/shivarajkumar.medeg/.m2/repository/io/netty/netty-transport-native-epoll/4.1.60.Final/netty-transport-native-epoll-4.1.60.Final-linux-x86_64.jar:/Users/shivarajkumar.medeg/.m2/repository/io/netty/netty-transport-native-kqueue/4.1.60.Final/netty-transport-native-kqueue-4.1.60.Final-osx-x86_64.jar:/Users/shivarajkumar.medeg/.m2/repository/org/reactivestreams/reactive-streams/1.0.3/reactive-streams-1.0.3.jar:/Users/shivarajkumar.medeg/.m2/repository/com/typesafe/netty/netty-reactive-streams/2.0.4/netty-reactive-streams-2.0.4.jar:/Users/shivarajkumar.medeg/.m2/repository/com/sun/activation/jakarta.activation/1.2.2/jakarta.activation-1.2.2.jar:/Users/shivarajkumar.medeg/.m2/repository/org/seleniumhq/selenium/selenium-manager/4.8.1/selenium-manager-4.8.1.jar:/Users/shivarajkumar.medeg/.m2/repository/org/seleniumhq/selenium/selenium-safari-driver/4.8.1/selenium-safari-driver-4.8.1.jar:/Users/shivarajkumar.medeg/.m2/repository/org/seleniumhq/selenium/selenium-support/4.8.1/selenium-support-4.8.1.jar:/Users/shivarajkumar.medeg/.m2/repository/org/testng/testng/7.1.0/testng-7.1.0.jar:/Users/shivarajkumar.medeg/.m2/repository/com/beust/jcommander/1.72/jcommander-1.72.jar:/Users/shivarajkumar.medeg/.m2/repository/com/google/inject/guice/4.1.0/guice-4.1.0-no_aop.jar:/Users/shivarajkumar.medeg/.m2/repository/javax/inject/javax.inject/1/javax.inject-1.jar:/Users/shivarajkumar.medeg/.m2/repository/aopalliance/aopalliance/1.0/aopalliance-1.0.jar:/Users/shivarajkumar.medeg/.m2/repository/org/yaml/snakeyaml/1.21/snakeyaml-1.21.jar:/Users/shivarajkumar.medeg/.m2/repository/io/github/bonigarcia/webdrivermanager/5.3.2/webdrivermanager-5.3.2.jar:/Users/shivarajkumar.medeg/.m2/repository/org/slf4j/slf4j-api/2.0.6/slf4j-api-2.0.6.jar:/Users/shivarajkumar.medeg/.m2/repository/com/google/code/gson/gson/2.10.1/gson-2.10.1.jar:/Users/shivarajkumar.medeg/.m2/repository/com/github/docker-java/docker-java/3.2.14/docker-java-3.2.14.jar:/Users/shivarajkumar.medeg/.m2/repository/com/github/docker-java/docker-java-core/3.2.14/docker-java-core-3.2.14.jar:/Users/shivarajkumar.medeg/.m2/repository/com/github/docker-java/docker-java-api/3.2.14/docker-java-api-3.2.14.jar:/Users/shivarajkumar.medeg/.m2/repository/com/fasterxml/jackson/core/jackson-annotations/2.10.3/jackson-annotations-2.10.3.jar:/Users/shivarajkumar.medeg/.m2/repository/com/fasterxml/jackson/core/jackson-databind/2.10.3/jackson-databind-2.10.3.jar:/Users/shivarajkumar.medeg/.m2/repository/com/fasterxml/jackson/core/jackson-core/2.10.3/jackson-core-2.10.3.jar:/Users/shivarajkumar.medeg/.m2/repository/org/bouncycastle/bcpkix-jdk15on/1.64/bcpkix-jdk15on-1.64.jar:/Users/shivarajkumar.medeg/.m2/repository/org/bouncycastle/bcprov-jdk15on/1.64/bcprov-jdk15on-1.64.jar:/Users/shivarajkumar.medeg/.m2/repository/org/slf4j/jcl-over-slf4j/1.7.30/jcl-over-slf4j-1.7.30.jar:/Users/shivarajkumar.medeg/.m2/repository/com/github/docker-java/docker-java-transport-httpclient5/3.2.14/docker-java-transport-httpclient5-3.2.14.jar:/Users/shivarajkumar.medeg/.m2/repository/com/github/docker-java/docker-java-transport/3.2.14/docker-java-transport-3.2.14.jar:/Users/shivarajkumar.medeg/.m2/repository/net/java/dev/jna/jna/5.12.1/jna-5.12.1.jar:/Users/shivarajkumar.medeg/.m2/repository/org/brotli/dec/0.1.2/dec-0.1.2.jar:/Users/shivarajkumar.medeg/.m2/repository/org/apache/commons/commons-lang3/3.12.0/commons-lang3-3.12.0.jar:/Users/shivarajkumar.medeg/.m2/repository/org/apache/httpcomponents/client5/httpclient5/5.2.1/httpclient5-5.2.1.jar:/Users/shivarajkumar.medeg/.m2/repository/org/apache/httpcomponents/core5/httpcore5/5.2/httpcore5-5.2.jar:/Users/shivarajkumar.medeg/.m2/repository/org/apache/httpcomponents/core5/httpcore5-h2/5.2/httpcore5-h2-5.2.jar:/Users/shivarajkumar.medeg/.m2/repository/io/qameta/allure/allure-testng/2.21.0/allure-testng-2.21.0.jar:/Users/shivarajkumar.medeg/.m2/repository/io/qameta/allure/allure-java-commons/2.21.0/allure-java-commons-2.21.0.jar:/Users/shivarajkumar.medeg/.m2/repository/io/qameta/allure/allure-model/2.21.0/allure-model-2.21.0.jar:/Users/shivarajkumar.medeg/.m2/repository/io/qameta/allure/allure-test-filter/2.21.0/allure-test-filter-2.21.0.jar:/Users/shivarajkumar.medeg/.m2/repository/org/apache/poi/poi/5.2.3/poi-5.2.3.jar:/Users/shivarajkumar.medeg/.m2/repository/commons-codec/commons-codec/1.15/commons-codec-1.15.jar:/Users/shivarajkumar.medeg/.m2/repository/org/apache/commons/commons-collections4/4.4/commons-collections4-4.4.jar:/Users/shivarajkumar.medeg/.m2/repository/org/apache/commons/commons-math3/3.6.1/commons-math3-3.6.1.jar:/Users/shivarajkumar.medeg/.m2/repository/commons-io/commons-io/2.11.0/commons-io-2.11.0.jar:/Users/shivarajkumar.medeg/.m2/repository/com/zaxxer/SparseBitSet/1.2/SparseBitSet-1.2.jar:/Users/shivarajkumar.medeg/.m2/repository/org/apache/poi/poi-ooxml/5.2.3/poi-ooxml-5.2.3.jar:/Users/shivarajkumar.medeg/.m2/repository/org/apache/poi/poi-ooxml-lite/5.2.3/poi-ooxml-lite-5.2.3.jar:/Users/shivarajkumar.medeg/.m2/repository/org/apache/xmlbeans/xmlbeans/5.1.1/xmlbeans-5.1.1.jar:/Users/shivarajkumar.medeg/.m2/repository/org/apache/commons/commons-compress/1.21/commons-compress-1.21.jar:/Users/shivarajkumar.medeg/.m2/repository/com/github/virtuald/curvesapi/1.07/curvesapi-1.07.jar:/Users/shivarajkumar.medeg/.m2/repository/org/apache/logging/log4j/log4j-core/2.20.0/log4j-core-2.20.0.jar:/Users/shivarajkumar.medeg/.m2/repository/org/apache/logging/log4j/log4j-api/2.20.0/log4j-api-2.20.0.jar:"/>
    <property name="sun.cpu.endian" value="little"/>
    <property name="user.home" value="/Users/shivarajkumar.medeg"/>
    <property name="user.language" value="en"/>
    <property name="java.specification.vendor" value="Oracle Corporation"/>
    <property name="java.version.date" value="2022-09-20"/>
    <property name="java.home" value="/Users/shivarajkumar.medeg/Library/Java/JavaVirtualMachines/openjdk-19/Contents/Home"/>
    <property name="file.separator" value="/"/>
    <property name="basedir" value="/Users/shivarajkumar.medeg/Documents/Automation framework/PageObjectModelDemo"/>
    <property name="java.vm.compressedOopsMode" value="Zero based"/>
    <property name="line.separator" value="&#10;"/>
    <property name="java.vm.specification.vendor" value="Oracle Corporation"/>
    <property name="java.specification.name" value="Java Platform API Specification"/>
    <property name="apple.awt.application.name" value="ForkedBooter"/>
    <property name="surefire.real.class.path" value="/Users/shivarajkumar.medeg/Documents/Automation framework/PageObjectModelDemo/target/surefire/surefirebooter-20230427163759276_3.jar"/>
    <property name="sun.management.compiler" value="HotSpot 64-Bit Tiered Compilers"/>
    <property name="ftp.nonProxyHosts" value="local|*.local|169.254/16|*.169.254/16"/>
    <property name="java.runtime.version" value="19+36-2238"/>
    <property name="user.name" value="shivarajkumar.medeg"/>
    <property name="stdout.encoding" value="US-ASCII"/>
    <property name="path.separator" value=":"/>
    <property name="os.version" value="12.6"/>
    <property name="java.runtime.name" value="OpenJDK Runtime Environment"/>
    <property name="file.encoding" value="UTF-8"/>
    <property name="java.vm.name" value="OpenJDK 64-Bit Server VM"/>
    <property name="localRepository" value="/Users/shivarajkumar.medeg/.m2/repository"/>
    <property name="java.vendor.url.bug" value="https://bugreport.java.com/bugreport/"/>
    <property name="java.io.tmpdir" value="/var/folders/ny/gtz06w093rd1wfc_bz0r42kcqszbw0/T/"/>
    <property name="java.version" value="19"/>
    <property name="user.dir" value="/Users/shivarajkumar.medeg/Documents/Automation framework/PageObjectModelDemo"/>
    <property name="os.arch" value="x86_64"/>
    <property name="java.vm.specification.name" value="Java Virtual Machine Specification"/>
    <property name="native.encoding" value="US-ASCII"/>
    <property name="java.library.path" value="/Users/shivarajkumar.medeg/Library/Java/Extensions:/Library/Java/Extensions:/Network/Library/Java/Extensions:/System/Library/Java/Extensions:/usr/lib/java:."/>
    <property name="java.vm.info" value="mixed mode, sharing"/>
    <property name="stderr.encoding" value="US-ASCII"/>
    <property name="java.vendor" value="Oracle Corporation"/>
    <property name="java.vm.version" value="19+36-2238"/>
    <property name="sun.io.unicode.encoding" value="UnicodeBig"/>
    <property name="socksNonProxyHosts" value="local|*.local|169.254/16|*.169.254/16"/>
    <property name="java.class.version" value="63.0"/>
  </properties>
  <testcase name="loginTest" classname="testcases.LoginPageTest" time="1.295">
    <system-out><![CDATA[[TestNG] [WARN] Ignoring duplicate listener : io.qameta.allure.testng.AllureTestNg
[TestNG] [WARN] Ignoring duplicate listener : io.qameta.allure.testng.AllureTestNg
[TestNG] [WARN] Ignoring duplicate listener : io.qameta.allure.testng.AllureTestNg
[INFO ] 2023-04-27 16:38:12,916 library.BaseClass:61 - chrome browser launched successfully
[INFO ] 2023-04-27 16:38:16,207 library.BaseClass:34 - username entered
[INFO ] 2023-04-27 16:38:16,297 library.BaseClass:36 - password entered
[INFO ] 2023-04-27 16:38:16,600 library.BaseClass:38 - Login button clicked
[INFO ] 2023-04-27 16:38:17,011 library.BaseClass:68 - Screenshot taken for test: login_success
]]></system-out>
    <system-err><![CDATA[SLF4J: No SLF4J providers were found.
SLF4J: Defaulting to no-operation (NOP) logger implementation
SLF4J: See https://www.slf4j.org/codes.html#noProviders for further details.
Starting ChromeDriver 112.0.5615.49 (bd2a7bcb881c11e8cfe3078709382934e3916914-refs/branch-heads/5615@{#936}) on port 35630
Only local connections are allowed.
Please see https://chromedriver.chromium.org/security-considerations for suggestions on keeping ChromeDriver safe.
[1682593686.353][WARNING]: FromSockAddr failed on netmask
ChromeDriver was started successfully.
Apr 27, 2023 4:38:12 PM org.openqa.selenium.devtools.CdpVersionFinder findNearestMatch
WARNING: Unable to find an exact match for CDP version 112, so returning the closest version found: 110
]]></system-err>
  </testcase>
</testsuite>