<?xml version="1.0" encoding="UTF-8"?>
<!-- Generated by org.testng.reporters.JUnitReportReporter -->
<testsuite hostname="LP-D21QMD6FXV" failures="0" tests="1" name="testcases.LoginPageTest" time="14.098" errors="0" timestamp="2023-04-27T16:38:18 IST" skipped="0">
  <testcase classname="testcases.LoginPageTest" name="loginTest" time="14.098"/>
  <system-out/>
</testsuite> <!-- testcases.LoginPageTest -->
